{"/Users/dallasewing/Documents/Projects/memory-store/lib/memory-store.js":{"path":"/Users/dallasewing/Documents/Projects/memory-store/lib/memory-store.js","s":{"1":1,"2":1,"3":14,"4":1,"5":22,"6":6,"7":16,"8":1,"9":15,"10":1,"11":14,"12":14,"13":2,"14":1,"15":2,"16":1,"17":1,"18":1,"19":16,"20":1,"21":13,"22":1,"23":8,"24":1,"25":7,"26":1},"b":{"1":[6,16],"2":[1,15],"3":[1,14],"4":[1,1],"5":[1,7]},"f":{"1":14,"2":22,"3":2,"4":2,"5":16,"6":13,"7":8},"fnMap":{"1":{"name":"(anonymous_1)","line":5,"loc":{"start":{"line":5,"column":18},"end":{"line":5,"column":30}}},"2":{"name":"(anonymous_2)","line":15,"loc":{"start":{"line":15,"column":28},"end":{"line":15,"column":51}}},"3":{"name":"(anonymous_3)","line":29,"loc":{"start":{"line":29,"column":13},"end":{"line":29,"column":25}}},"4":{"name":"(anonymous_4)","line":41,"loc":{"start":{"line":41,"column":31},"end":{"line":41,"column":47}}},"5":{"name":"(anonymous_5)","line":53,"loc":{"start":{"line":53,"column":34},"end":{"line":53,"column":50}}},"6":{"name":"(anonymous_6)","line":62,"loc":{"start":{"line":62,"column":37},"end":{"line":62,"column":53}}},"7":{"name":"(anonymous_7)","line":71,"loc":{"start":{"line":71,"column":28},"end":{"line":71,"column":44}}}},"statementMap":{"1":{"start":{"line":3,"column":0},"end":{"line":3,"column":84}},"2":{"start":{"line":5,"column":0},"end":{"line":8,"column":2}},"3":{"start":{"line":7,"column":4},"end":{"line":7,"column":23}},"4":{"start":{"line":15,"column":0},"end":{"line":35,"column":2}},"5":{"start":{"line":16,"column":4},"end":{"line":18,"column":5}},"6":{"start":{"line":17,"column":8},"end":{"line":17,"column":54}},"7":{"start":{"line":19,"column":4},"end":{"line":21,"column":5}},"8":{"start":{"line":20,"column":8},"end":{"line":20,"column":50}},"9":{"start":{"line":23,"column":4},"end":{"line":25,"column":5}},"10":{"start":{"line":24,"column":8},"end":{"line":24,"column":103}},"11":{"start":{"line":26,"column":4},"end":{"line":26,"column":32}},"12":{"start":{"line":28,"column":4},"end":{"line":34,"column":7}},"13":{"start":{"line":30,"column":12},"end":{"line":30,"column":34}},"14":{"start":{"line":41,"column":0},"end":{"line":46,"column":2}},"15":{"start":{"line":42,"column":4},"end":{"line":44,"column":5}},"16":{"start":{"line":43,"column":8},"end":{"line":43,"column":54}},"17":{"start":{"line":45,"column":4},"end":{"line":45,"column":31}},"18":{"start":{"line":53,"column":0},"end":{"line":55,"column":2}},"19":{"start":{"line":54,"column":4},"end":{"line":54,"column":35}},"20":{"start":{"line":62,"column":0},"end":{"line":64,"column":2}},"21":{"start":{"line":63,"column":4},"end":{"line":63,"column":33}},"22":{"start":{"line":71,"column":0},"end":{"line":76,"column":2}},"23":{"start":{"line":72,"column":4},"end":{"line":74,"column":5}},"24":{"start":{"line":73,"column":8},"end":{"line":73,"column":54}},"25":{"start":{"line":75,"column":4},"end":{"line":75,"column":31}},"26":{"start":{"line":78,"column":0},"end":{"line":78,"column":29}}},"branchMap":{"1":{"line":16,"type":"if","locations":[{"start":{"line":16,"column":4},"end":{"line":16,"column":4}},{"start":{"line":16,"column":4},"end":{"line":16,"column":4}}]},"2":{"line":19,"type":"if","locations":[{"start":{"line":19,"column":4},"end":{"line":19,"column":4}},{"start":{"line":19,"column":4},"end":{"line":19,"column":4}}]},"3":{"line":23,"type":"if","locations":[{"start":{"line":23,"column":4},"end":{"line":23,"column":4}},{"start":{"line":23,"column":4},"end":{"line":23,"column":4}}]},"4":{"line":42,"type":"if","locations":[{"start":{"line":42,"column":4},"end":{"line":42,"column":4}},{"start":{"line":42,"column":4},"end":{"line":42,"column":4}}]},"5":{"line":72,"type":"if","locations":[{"start":{"line":72,"column":4},"end":{"line":72,"column":4}},{"start":{"line":72,"column":4},"end":{"line":72,"column":4}}]}}}}