TN:
SF:/Users/dallasewing/Documents/Projects/memory-store/lib/memory-store.js
FN:5,(anonymous_1)
FN:15,(anonymous_2)
FN:29,(anonymous_3)
FN:41,(anonymous_4)
FN:53,(anonymous_5)
FN:62,(anonymous_6)
FN:71,(anonymous_7)
FNF:7
FNH:7
FNDA:14,(anonymous_1)
FNDA:22,(anonymous_2)
FNDA:2,(anonymous_3)
FNDA:2,(anonymous_4)
FNDA:16,(anonymous_5)
FNDA:13,(anonymous_6)
FNDA:8,(anonymous_7)
DA:3,1
DA:5,1
DA:7,14
DA:15,1
DA:16,22
DA:17,6
DA:19,16
DA:20,1
DA:23,15
DA:24,1
DA:26,14
DA:28,14
DA:30,2
DA:41,1
DA:42,2
DA:43,1
DA:45,1
DA:53,1
DA:54,16
DA:62,1
DA:63,13
DA:71,1
DA:72,8
DA:73,1
DA:75,7
DA:78,1
LF:26
LH:26
BRDA:16,1,0,6
BRDA:16,1,1,16
BRDA:19,2,0,1
BRDA:19,2,1,15
BRDA:23,3,0,1
BRDA:23,3,1,14
BRDA:42,4,0,1
BRDA:42,4,1,1
BRDA:72,5,0,1
BRDA:72,5,1,7
BRF:10
BRH:10
end_of_record
